[main] cur=const kind=1 line=31
[main] cur=const kind=1 line=32
[main] cur=const kind=1 line=33
[main] cur=const kind=1 line=34
[main] cur=const kind=1 line=35
[main] cur=const kind=1 line=36
[main] cur=const kind=1 line=37
[main] cur=const kind=1 line=38
[main] cur=const kind=1 line=39
[main] cur=const kind=1 line=40
[main] cur=const kind=1 line=41
[main] cur=const kind=1 line=42
[main] cur=const kind=1 line=43
[main] cur=const kind=1 line=44
[main] cur=const kind=1 line=45
[main] cur=const kind=1 line=46
[main] cur=const kind=1 line=47
[main] cur=const kind=1 line=48
[main] cur=const kind=1 line=49
[main] cur=const kind=1 line=50
[main] cur=const kind=1 line=51
[main] cur=const kind=1 line=54
[main] cur=const kind=1 line=55
[main] cur=const kind=1 line=56
[main] cur=const kind=1 line=57
[main] cur=const kind=1 line=58
[main] cur=const kind=1 line=59
[main] cur=const kind=1 line=62
[main] cur=const kind=1 line=63
[main] cur=const kind=1 line=64
[main] cur=const kind=1 line=65
[main] cur=const kind=1 line=66
[main] cur=const kind=1 line=67
[main] cur=const kind=1 line=68
[main] cur=const kind=1 line=69
[main] cur=const kind=1 line=70
[main] cur=const kind=1 line=71
[main] cur=const kind=1 line=72
[main] cur=const kind=1 line=73
[main] cur=const kind=1 line=74
[main] cur=const kind=1 line=75
[main] cur=const kind=1 line=76
[main] cur=const kind=1 line=77
[main] cur=const kind=1 line=78
[main] cur=const kind=1 line=79
[main] cur=const kind=1 line=80
[main] cur=const kind=1 line=81
[main] cur=const kind=1 line=82
[main] cur=const kind=1 line=83
[main] cur=const kind=1 line=84
[main] cur=const kind=1 line=85
[main] cur=const kind=1 line=86
[main] cur=const kind=1 line=87
[main] cur=const kind=1 line=88
[main] cur=const kind=1 line=89
[main] cur=const kind=1 line=90
[main] cur=const kind=1 line=91
[main] cur=const kind=1 line=92
[main] cur=const kind=1 line=93
[main] cur=const kind=1 line=94
[main] cur=const kind=1 line=95
[main] cur=const kind=1 line=96
[main] cur=const kind=1 line=97
[main] cur=const kind=1 line=98
[main] cur=const kind=1 line=99
[main] cur=const kind=1 line=100
[main] cur=const kind=1 line=101
[main] cur=const kind=1 line=102
[main] cur=const kind=1 line=105
[main] cur=const kind=1 line=106
[main] cur=var kind=1 line=110
[main] cur=[ kind=20 line=110
[main] cur=def kind=1 line=112
[BC_BODY] emitting EMPTY BC_FUNC_BODY/BC_FUNC_END for function at line 115 (pos=511)
[main] cur=def kind=1 line=115
[BC_BODY] emitting EMPTY BC_FUNC_BODY/BC_FUNC_END for function at line 118 (pos=526)
[main] cur=def kind=1 line=118
[BC_BODY] emitting EMPTY BC_FUNC_BODY/BC_FUNC_END for function at line 121 (pos=541)
[main] cur=def kind=1 line=121
[BC_BODY] emitting EMPTY BC_FUNC_BODY/BC_FUNC_END for function at line 124 (pos=556)
[main] cur=write_byte kind=1 line=124
[main] cur=def kind=1 line=126
[BC_BODY] emitting EMPTY BC_FUNC_BODY/BC_FUNC_END for function at line 129 (pos=571)
[main] cur=write_byte kind=1 line=129
[main] cur=write_byte kind=1 line=130
[main] cur=write_byte kind=1 line=131
[main] cur=def kind=1 line=133
[BC_BODY] emitting EMPTY BC_FUNC_BODY/BC_FUNC_END for function at line 135 (pos=586)
[main] cur=write_u16 kind=1 line=135
[main] cur=var kind=1 line=136
[main] cur=while kind=1 line=137
[main] cur=i kind=1 line=137
[main] cur=i kind=1 line=139
[main] cur=def kind=1 line=141
[BC_BODY] emitting EMPTY BC_FUNC_BODY/BC_FUNC_END for function at line 144 (pos=604)
[main] cur=def kind=1 line=144
[BC_BODY] emitting EMPTY BC_FUNC_BODY/BC_FUNC_END for function at line 147 (pos=614)
[main] cur=def kind=1 line=147
[BC_BODY] emitting EMPTY BC_FUNC_BODY/BC_FUNC_END for function at line 151 (pos=624)
[main] cur=def kind=1 line=151
[BC_BODY] emitting EMPTY BC_FUNC_BODY/BC_FUNC_END for function at line 155 (pos=634)
[main] cur=write_u16 kind=1 line=155
[main] cur=write_u16 kind=1 line=157
[main] cur=def kind=1 line=161
[BC_BODY] emitting EMPTY BC_FUNC_BODY/BC_FUNC_END for function at line 163 (pos=654)
[main] cur=while kind=1 line=163
[main] cur=p kind=1 line=163
[main] cur=if kind=1 line=165
[main] cur=ch kind=1 line=165
[main] cur=p kind=1 line=167
[main] cur=return kind=1 line=168
[main] cur=def kind=1 line=170
[BC_BODY] emitting EMPTY BC_FUNC_BODY/BC_FUNC_END for function at line 172 (pos=685)
[main] cur=if kind=1 line=172
[main] cur=p kind=1 line=172
[main] cur=var kind=1 line=174
[main] cur=while kind=1 line=175
[main] cur=i kind=1 line=175
[main] cur=i kind=1 line=178
[main] cur=return kind=1 line=179
[main] cur=def kind=1 line=181
[BC_BODY] emitting EMPTY BC_FUNC_BODY/BC_FUNC_END for function at line 184 (pos=719)
[main] cur=return kind=1 line=184
[main] cur=[ kind=20 line=184
[main] cur=def kind=1 line=186
[BC_BODY] emitting EMPTY BC_FUNC_BODY/BC_FUNC_END for function at line 188 (pos=745)
[main] cur=var kind=1 line=188
[main] cur=( kind=16 line=188
[main] cur=while kind=1 line=189
[main] cur=p kind=1 line=189
[main] cur=if kind=1 line=191
[main] cur=ch kind=1 line=191
[main] cur=p kind=1 line=193
[main] cur=else kind=1 line=194
[main] cur=return kind=1 line=196
[main] cur=[ kind=20 line=196
[main] cur=def kind=1 line=198
[BC_BODY] emitting EMPTY BC_FUNC_BODY/BC_FUNC_END for function at line 200 (pos=780)
[main] cur=var kind=1 line=200
[main] cur=( kind=16 line=200
[main] cur=while kind=1 line=201
[main] cur=p kind=1 line=201
[main] cur=p kind=1 line=203
[main] cur=return kind=1 line=204
[main] cur=[ kind=20 line=204
[main] cur=def kind=1 line=206
[BC_BODY] emitting EMPTY BC_FUNC_BODY/BC_FUNC_END for function at line 208 (pos=805)
[main] cur=var kind=1 line=208
[main] cur=( kind=16 line=208
[main] cur=while kind=1 line=209
[main] cur=i kind=1 line=209
[main] cur=i kind=1 line=212
[main] cur=return kind=1 line=213
[main] cur=def kind=1 line=215
[BC_BODY] emitting EMPTY BC_FUNC_BODY/BC_FUNC_END for function at line 217 (pos=836)
[main] cur=var kind=1 line=217
[main] cur=( kind=16 line=217
[main] cur=while kind=1 line=218
[main] cur=i kind=1 line=218
[main] cur=var kind=1 line=220
[main] cur=- kind=6 line=220
[main] cur=while kind=1 line=221
[main] cur=j kind=1 line=221
[main] cur=if kind=1 line=223
[main] cur=j kind=1 line=223
[main] cur=return kind=1 line=225
[main] cur=. kind=23 line=225
[main] cur=var kind=1 line=229
[main] cur=[ kind=20 line=229
[main] cur=var kind=1 line=230
[main] cur=def kind=1 line=232
[BC_BODY] emitting EMPTY BC_FUNC_BODY/BC_FUNC_END for function at line 234 (pos=903)
[main] cur=func_count kind=1 line=234
[main] cur=return kind=1 line=235
[main] cur=- kind=6 line=235
[main] cur=def kind=1 line=237
[BC_BODY] emitting EMPTY BC_FUNC_BODY/BC_FUNC_END for function at line 239 (pos=924)
[main] cur=while kind=1 line=239
[main] cur=i kind=1 line=239
[main] cur=i kind=1 line=242
[main] cur=return kind=1 line=243
[main] cur=- kind=6 line=243
[main] cur=const kind=1 line=248
[main] cur=def kind=1 line=257
[BC_BODY] emitting EMPTY BC_FUNC_BODY/BC_FUNC_END for function at line 259 (pos=951)
[main] cur=var kind=1 line=259
[main] cur=var kind=1 line=260
[main] cur=( kind=16 line=260
[main] cur=var kind=1 line=261
[main] cur=while kind=1 line=262
[main] cur=i kind=1 line=262
[main] cur=var kind=1 line=264
[main] cur=[ kind=20 line=264
[main] cur=if kind=1 line=266
[main] cur=starts_with kind=1 line=266
[main] cur=matched kind=1 line=268
[main] cur=p kind=1 line=269
[main] cur=break kind=1 line=270
[main] cur=i kind=1 line=271
[main] cur=if kind=1 line=273
[main] cur=! kind=99 line=273
[main] cur=var kind=1 line=276
[main] cur=( kind=16 line=276
[main] cur=write_opcode kind=1 line=277
[main] cur=write_u8 kind=1 line=278
[main] cur=return kind=1 line=279
[main] cur=[ kind=20 line=279
[main] cur=def kind=1 line=283
[BC_BODY] emitting EMPTY BC_FUNC_BODY/BC_FUNC_END for function at line 287 (pos=1020)
[main] cur=if kind=1 line=287
[main] cur=starts_with kind=1 line=287
[main] cur=var kind=1 line=289
[main] cur=( kind=16 line=289
[main] cur=p kind=1 line=290
[main] cur=p kind=1 line=291
[main] cur=write_opcode kind=1 line=292
[main] cur=write_u8 kind=1 line=293
[main] cur=write_u8 kind=1 line=294
[main] cur=return kind=1 line=295
[main] cur=[ kind=20 line=295
[main] cur=if kind=1 line=298
[main] cur=starts_with kind=1 line=298
[main] cur=if kind=1 line=304
[main] cur=starts_with kind=1 line=304
[main] cur=var kind=1 line=306
[main] cur=( kind=16 line=306
[main] cur=p kind=1 line=307
[main] cur=while kind=1 line=308
[main] cur=p kind=1 line=308
[main] cur=var kind=1 line=310
[main] cur=( kind=16 line=310
[main] cur=write_opcode kind=1 line=311
[main] cur=write_u8 kind=1 line=312
[main] cur=write_u8 kind=1 line=313
[main] cur=return kind=1 line=314
[main] cur=[ kind=20 line=314
[main] cur=if kind=1 line=317
[main] cur=starts_with kind=1 line=317
[main] cur=var kind=1 line=319
[main] cur=( kind=16 line=319
[main] cur=p kind=1 line=320
[main] cur=while kind=1 line=321
[main] cur=p kind=1 line=321
[main] cur=var kind=1 line=323
[main] cur=( kind=16 line=323
[main] cur=write_opcode kind=1 line=324
[main] cur=write_u8 kind=1 line=325
[main] cur=write_u8 kind=1 line=326
[main] cur=return kind=1 line=327
[main] cur=[ kind=20 line=327
[main] cur=if kind=1 line=330
[main] cur=starts_with kind=1 line=330
[main] cur=var kind=1 line=332
[main] cur=( kind=16 line=332
[main] cur=write_opcode kind=1 line=333
[main] cur=write_u8 kind=1 line=334
[main] cur=return kind=1 line=335
[main] cur=[ kind=20 line=335
[main] cur=if kind=1 line=338
[main] cur=starts_with kind=1 line=338
[main] cur=var kind=1 line=340
[main] cur=( kind=16 line=340
[main] cur=p kind=1 line=341
[main] cur=while kind=1 line=342
[main] cur=p kind=1 line=342
[main] cur=var kind=1 line=344
[main] cur=( kind=16 line=344
[main] cur=write_opcode kind=1 line=345
[main] cur=write_u8 kind=1 line=346
[main] cur=write_u8 kind=1 line=347
[main] cur=return kind=1 line=348
[main] cur=[ kind=20 line=348
[main] cur=if kind=1 line=351
[main] cur=starts_with kind=1 line=351
[main] cur=var kind=1 line=353
[main] cur=( kind=16 line=353
[main] cur=write_opcode kind=1 line=354
[main] cur=write_u8 kind=1 line=355
[main] cur=return kind=1 line=356
[main] cur=[ kind=20 line=356
[main] cur=if kind=1 line=359
[main] cur=starts_with kind=1 line=359
[main] cur=return kind=1 line=361
[main] cur=[ kind=20 line=361
[main] cur=if kind=1 line=364
[main] cur=starts_with kind=1 line=364
[main] cur=return kind=1 line=366
[main] cur=[ kind=20 line=366
[main] cur=if kind=1 line=369
[main] cur=starts_with kind=1 line=369
[main] cur=return kind=1 line=371
[main] cur=[ kind=20 line=371
[main] cur=if kind=1 line=374
[main] cur=starts_with kind=1 line=374
[main] cur=return kind=1 line=376
[main] cur=[ kind=20 line=376
[main] cur=if kind=1 line=377
[main] cur=starts_with kind=1 line=377
[main] cur=return kind=1 line=379
[main] cur=[ kind=20 line=379
[main] cur=if kind=1 line=380
[main] cur=starts_with kind=1 line=380
[main] cur=return kind=1 line=382
[main] cur=[ kind=20 line=382
[main] cur=if kind=1 line=383
[main] cur=starts_with kind=1 line=383
[main] cur=return kind=1 line=385
[main] cur=[ kind=20 line=385
[main] cur=return kind=1 line=387
[main] cur=[ kind=20 line=387
[main] cur=def kind=1 line=394
[BC_BODY] emitting EMPTY BC_FUNC_BODY/BC_FUNC_END for function at line 396 (pos=1130)
[main] cur=var kind=1 line=396
[main] cur=( kind=16 line=396
[main] cur=var kind=1 line=399
[main] cur=if kind=1 line=400
[main] cur=starts_with kind=1 line=400
[main] cur=else kind=1 line=402
[main] cur=else kind=1 line=404
[main] cur=var kind=1 line=408
[main] cur=p kind=1 line=409
[main] cur=var kind=1 line=412
[main] cur=' kind=4 line=412
[main] cur=while kind=1 line=413
[main] cur=p kind=1 line=413
[main] cur=if kind=1 line=415
[main] cur=ch kind=1 line=415
[main] cur=func_name kind=1 line=417
[main] cur=p kind=1 line=418
[main] cur=if kind=1 line=420
[main] cur=len kind=1 line=420
[main] cur=p kind=1 line=424
[main] cur=if kind=1 line=427
[main] cur=peek kind=1 line=427
[main] cur=p kind=1 line=431
[main] cur=var kind=1 line=434
[main] cur=if kind=1 line=438
[main] cur=peek kind=1 line=438
[main] cur=var kind=1 line=441
[main] cur=[ kind=20 line=441
[main] cur=var kind=1 line=442
[main] cur=var kind=1 line=445
[main] cur=( kind=16 line=445
[main] cur=var kind=1 line=446
[main] cur=( kind=16 line=446
[main] cur=write_opcode kind=1 line=449
[main] cur=write_string kind=1 line=450
[main] cur=write_string kind=1 line=451
[main] cur=write_u8 kind=1 line=452
[main] cur=write_byte kind=1 line=455
[main] cur=write_u8 kind=1 line=456
[main] cur=var kind=1 line=459
[main] cur=var kind=1 line=460
[main] cur=bp kind=1 line=461
[main] cur=var kind=1 line=462
[main] cur=( kind=16 line=462
[main] cur=if kind=1 line=463
[main] cur=gate_result kind=1 line=463
[main] cur=write_byte kind=1 line=467
[main] cur=return kind=1 line=469
[main] cur=[ kind=20 line=469
[main] cur=fi kind=1 line=470
[main] cur=if kind=1 line=473
[main] cur=peek kind=1 line=473
[main] cur=var kind=1 line=477
[main] cur=+ kind=5 line=477
[main] cur=var kind=1 line=478
[main] cur=[ kind=20 line=478
[main] cur=var kind=1 line=479
[main] cur=var kind=1 line=480
[main] cur=var kind=1 line=481
[main] cur=while kind=1 line=483
[main] cur=search_idx kind=1 line=483
[main] cur=if kind=1 line=485
[main] cur=starts_with kind=1 line=485
[main] cur=break kind=1 line=487
[main] cur=if kind=1 line=489
[main] cur=len kind=1 line=489
[main] cur=body_count kind=1 line=491
[main] cur=search_idx kind=1 line=492
[main] cur=if kind=1 line=494
[main] cur=! kind=99 line=494
[main] cur=var kind=1 line=499
[main] cur=( kind=16 line=499
[main] cur=var kind=1 line=500
[main] cur=( kind=16 line=500
[main] cur=write_opcode kind=1 line=504
[main] cur=write_string kind=1 line=505
[main] cur=write_string kind=1 line=506
[main] cur=write_u8 kind=1 line=507
[main] cur=write_byte kind=1 line=510
[main] cur=write_u8 kind=1 line=511
[main] cur=var kind=1 line=514
[main] cur=var kind=1 line=515
[main] cur=while kind=1 line=516
[main] cur=i kind=1 line=516
[main] cur=bp kind=1 line=518
[main] cur=var kind=1 line=519
[main] cur=( kind=16 line=519
[main] cur=if kind=1 line=520
[main] cur=gate_result kind=1 line=520
[main] cur=i kind=1 line=522
[main] cur=write_byte kind=1 line=525
[main] cur=var kind=1 line=528
[main] cur=- kind=6 line=528
[main] cur=if kind=1 line=529
[main] cur=! kind=99 line=529
[main] cur=return kind=1 line=532
[main] cur=[ kind=20 line=532
[main] cur=def kind=1 line=537
[BC_BODY] emitting EMPTY BC_FUNC_BODY/BC_FUNC_END for function at line 541 (pos=1358)
[main] cur=var kind=1 line=541
[main] cur=' kind=4 line=541
[main] cur=while kind=1 line=542
[main] cur=p kind=1 line=542
[main] cur=p kind=1 line=544
[main] cur=if kind=1 line=546
[main] cur=len kind=1 line=546
[main] cur=while kind=1 line=550
[main] cur=p kind=1 line=550
[main] cur=if kind=1 line=553
[main] cur=p kind=1 line=553
[main] cur=p kind=1 line=557
[main] cur=var kind=1 line=560
[main] cur=var kind=1 line=561
[main] cur=' kind=4 line=561
[main] cur=while kind=1 line=562
[main] cur=p kind=1 line=562
[main] cur=arg_list kind=1 line=565
[main] cur=p kind=1 line=566
[main] cur=if kind=1 line=567
[main] cur=arg_count kind=1 line=567
[main] cur=if kind=1 line=571
[main] cur=p kind=1 line=571
[main] cur=write_opcode kind=1 line=575
[main] cur=write_string kind=1 line=576
[main] cur=write_u8 kind=1 line=577
[main] cur=return kind=1 line=579
[main] cur=[ kind=20 line=579
[main] cur=def kind=1 line=586
[BC_BODY] emitting EMPTY BC_FUNC_BODY/BC_FUNC_END for function at line 588 (pos=1396)
[main] cur=var kind=1 line=588
[main] cur=( kind=16 line=588
[main] cur=if kind=1 line=591
[main] cur=len kind=1 line=591
[main] cur=if kind=1 line=595
[main] cur=line kind=1 line=595
[main] cur=if kind=1 line=599
[main] cur=starts_with kind=1 line=599
[main] cur=return kind=1 line=601
[main] cur=[ kind=20 line=601
[main] cur=var kind=1 line=604
[main] cur=var kind=1 line=605
[main] cur=( kind=16 line=605
[main] cur=if kind=1 line=606
[main] cur=gate_result kind=1 line=606
[main] cur=var kind=1 line=610
[main] cur=var kind=1 line=611
[main] cur=while kind=1 line=612
[main] cur=ci kind=1 line=612
[main] cur=break kind=1 line=615
[main] cur=ci kind=1 line=616
[main] cur=if kind=1 line=618
[main] cur=has_paren kind=1 line=618
[main] cur=if kind=1 line=620
[main] cur=call_result kind=1 line=620
[main] cur=return kind=1 line=624
[main] cur=[ kind=20 line=624
[main] cur=def kind=1 line=631
[BC_BODY] emitting EMPTY BC_FUNC_BODY/BC_FUNC_END for function at line 633 (pos=1458)
[main] cur=func_table kind=1 line=633
[main] cur=func_count kind=1 line=634
[main] cur=write_file_header kind=1 line=637
[main] cur=var kind=1 line=639
[main] cur=. kind=23 line=639
[main] cur=var kind=1 line=640
[main] cur=( kind=16 line=640
[main] cur=var kind=1 line=641
[main] cur=var kind=1 line=642
[main] cur=var kind=1 line=643
[main] cur=var kind=1 line=644
[main] cur=while kind=1 line=646
[main] cur=i kind=1 line=646
[main] cur=if kind=1 line=649
[main] cur=result kind=1 line=649
[main] cur=var kind=1 line=652
[main] cur=[ kind=20 line=652
[main] cur=if kind=1 line=653
[main] cur=type_tag kind=1 line=653
[main] cur=if kind=1 line=655
[main] cur=type_tag kind=1 line=655
[main] cur=if kind=1 line=659
[main] cur=result kind=1 line=659
[main] cur=else kind=1 line=661
[main] cur=write_u16 kind=1 line=665
[main] cur=var kind=1 line=666
[main] cur=while kind=1 line=667
[main] cur=fi kind=1 line=667
[main] cur=write_string kind=1 line=669
[main] cur=write_u32 kind=1 line=670
[main] cur=fi kind=1 line=671
[main] cur=return kind=1 line=673
[main] cur=[ kind=20 line=673
[main] cur=def kind=1 line=678
[BC_BODY] emitting EMPTY BC_FUNC_BODY/BC_FUNC_END for function at line 682 (pos=1543)
[main] cur=def kind=1 line=682
[BC_BODY] emitting EMPTY BC_FUNC_BODY/BC_FUNC_END for function at line 684 (pos=1558)
[main] cur=file_write kind=1 line=684
[main] cur=def kind=1 line=690
[BC_BODY] emitting EMPTY BC_FUNC_BODY/BC_FUNC_END for function at line 692 (pos=1578)
[main] cur=if kind=1 line=692
[main] cur=source kind=1 line=692
[main] cur=return kind=1 line=694
[main] cur=- kind=6 line=694
[main] cur=print kind=1 line=696
[main] cur=print kind=1 line=697
[main] cur=print kind=1 line=698
[main] cur=print kind=1 line=699
[main] cur=print kind=1 line=700
[main] cur=var kind=1 line=702
[main] cur=( kind=16 line=702
[main] cur=var kind=1 line=703
[main] cur=[ kind=20 line=703
[main] cur=var kind=1 line=704
[main] cur=[ kind=20 line=704
[main] cur=var kind=1 line=705
[main] cur=[ kind=20 line=705
[main] cur=var kind=1 line=706
[main] cur=[ kind=20 line=706
[main] cur=var kind=1 line=707
[main] cur=[ kind=20 line=707
[main] cur=print kind=1 line=709
[main] cur=print kind=1 line=710
[main] cur=print kind=1 line=711
[main] cur=print kind=1 line=712
[main] cur=print kind=1 line=713
[main] cur=if kind=1 line=715
[main] cur=bc_len kind=1 line=715
[main] cur=return kind=1 line=717
[main] cur=- kind=6 line=717
[main] cur=write_bc_file kind=1 line=719
[main] cur=print kind=1 line=720
[main] cur=print kind=1 line=721
[main] cur=return kind=1 line=723
[main] cur=export kind=1 line=727
[main] cur=export kind=1 line=728
[main] cur=export kind=1 line=729
[main] cur=export kind=1 line=730
[main] cur=export kind=1 line=731
[main] cur=export kind=1 line=732
[main] cur=export kind=1 line=733
[main] cur=export kind=1 line=734
[main] cur=export kind=1 line=735
