[QVM] 初始化量子虚拟机
[QVM] 量子比特数=30，使用简化模拟模式（不展开完整态矢量）\n[QVM] 初始化 30 个量子比特
[QVM] H(q0)
[QVM] H(q1)
[QVM] H(q2)
[QVM] X(q0)
[QVM] H(q6)
[QVM] H(q7)
[QVM] H(q8)
[QVM] H(q9)
[QVM] H(q10)
[QVM] H(q11)
[QVM] H(q12)
[QVM] H(q13)
[QVM] H(q14)
[QVM] H(q15)
[QVM] H(q16)
[QVM] H(q17)
[QVM] CNOT(q0, q12)
[QVM] CNOT(q1, q13)
[QVM] CNOT(q2, q14)
[QVM] CNOT(q3, q15)
[QVM] CNOT(q6, q16)
[QVM] CNOT(q7, q17)
[QVM] H(q12)
[QVM] CNOT(q12, q0)
[QVM] CNOT(q13, q6)
[QVM] H(q18)
[QVM] H(q19)
[QVM] H(q20)
[QVM] H(q21)
[QVM] H(q22)
[QVM] H(q23)
[QVM] CNOT(q12, q18)
[QVM] CNOT(q13, q19)
[QVM] CNOT(q14, q20)
[QVM] CNOT(q15, q21)
[QVM] CNOT(q16, q22)
[QVM] CNOT(q17, q23)
[QVM] 测量 q12 -> r8 = 1 [简化模式]
[QVM] 测量 q13 -> r9 = 0 [简化模式]
[QVM] 测量 q14 -> r10 = 1 [简化模式]
[QVM] 测量 q15 -> r11 = 1 [简化模式]
[QVM] 测量 q18 -> r12 = 1 [简化模式]
[QVM] 测量 q19 -> r13 = 1 [简化模式]
[QVM] print(r0) = 0 [简化模式]
[QVM] 程序退出
[QVM] 执行完成: 44 周期, 44 门操作
