[QVM] 初始化量子虚拟机
[QVM] 量子比特数=28，使用简化模拟模式（不展开完整态矢量）\n[QVM] 初始化 28 个量子比特
[QVM] H(q0)
[QVM] H(q1)
[QVM] H(q2)
[QVM] H(q3)
[QVM] H(q4)
[QVM] H(q5)
[QVM] H(q6)
[QVM] H(q7)
[QVM] H(q8)
[QVM] X(q6)
[QVM] X(q7)
[QVM] CNOT(q6, q0)
[QVM] CNOT(q7, q1)
[QVM] CNOT(q8, q2)
[QVM] H(q18)
[QVM] H(q19)
[QVM] H(q20)
[QVM] H(q21)
[QVM] H(q22)
[QVM] H(q23)
[QVM] CNOT(q12, q18)
[QVM] CNOT(q13, q19)
[QVM] CNOT(q14, q20)
[QVM] CNOT(q15, q21)
[QVM] CNOT(q16, q22)
[QVM] CNOT(q17, q23)
[QVM] CNOT(q0, q18)
[QVM] CNOT(q1, q19)
[QVM] CNOT(q2, q20)
[QVM] 测量 q0 -> r8 = 1 [简化模式]
[QVM] 测量 q1 -> r9 = 0 [简化模式]
[QVM] 测量 q2 -> r10 = 1 [简化模式]
[QVM] 测量 q18 -> r11 = 1 [简化模式]
[QVM] print(r0) = 0 [简化模式]
[QVM] 程序退出
[QVM] 执行完成: 34 周期, 34 门操作
