[QVM] 初始化量子虚拟机
[QVM] 初始化 20 个量子比特
[QVM] H(q0)
[QVM] H(q1)
[QVM] H(q2)
[QVM] H(q3)
[QVM] CNOT(q0, q1)
[QVM] CNOT(q2, q3)
[QVM] X(q0)
[QVM] X(q2)
[QVM] H(q4)
[QVM] H(q5)
[QVM] H(q6)
[QVM] H(q7)
[QVM] CNOT(q4, q5)
[QVM] CNOT(q6, q7)
[QVM] CNOT(q4, q6)
[QVM] CNOT(q5, q7)
[QVM] H(q8)
[QVM] H(q9)
[QVM] H(q10)
[QVM] H(q11)
[QVM] CNOT(q0, q12)
[QVM] CNOT(q4, q13)
[QVM] CNOT(q8, q14)
[QVM] CNOT(q12, q15)
[QVM] CNOT(q6, q14)
[QVM] CNOT(q9, q15)
[QVM] CNOT(q12, q15)
[QVM] H(q12)
[QVM] H(q13)
[QVM] H(q14)
[QVM] H(q15)
[QVM] CNOT(q12, q13)
[QVM] CNOT(q14, q15)
[QVM] 测量 q12 -> r16 = 1
[QVM] 测量 q13 -> r17 = 0
[QVM] 测量 q14 -> r18 = 1
[QVM] 测量 q15 -> r19 = 1
[QVM] print(r16) = 1
[QVM] print(r17) = 0
[QVM] print(r18) = 1
[QVM] print(r19) = 1
[QVM] 程序退出
[QVM] 执行完成: 41 周期, 41 门操作
