[QVM] 初始化量子虚拟机
[QVM] 量子比特数=30，使用简化模拟模式（不展开完整态矢量）\n[QVM] 初始化 30 个量子比特
[QVM] H(q0)
[QVM] CNOT(q0, q1)
[QVM] H(q2)
[QVM] CNOT(q2, q3)
[QVM] H(q4)
[QVM] CNOT(q4, q5)
[QVM] H(q6)
[QVM] CNOT(q6, q7)
[QVM] CNOT(q7, q8)
[QVM] CNOT(q8, q9)
[QVM] H(q12)
[QVM] H(q13)
[QVM] H(q14)
[QVM] H(q15)
[QVM] H(q16)
[QVM] H(q17)
[QVM] CNOT(q12, q13)
[QVM] CNOT(q13, q14)
[QVM] CNOT(q14, q15)
[QVM] CNOT(q15, q16)
[QVM] CNOT(q16, q17)
[QVM] CNOT(q17, q12)
[QVM] H(q18)
[QVM] CNOT(q18, q19)
[QVM] CNOT(q1, q2)
[QVM] H(q1)
[QVM] 测量 q0 -> r8 = 1 [简化模式]
[QVM] 测量 q1 -> r9 = 0 [简化模式]
[QVM] 测量 q2 -> r10 = 1 [简化模式]
[QVM] 测量 q3 -> r11 = 1 [简化模式]
[QVM] 测量 q4 -> r12 = 1 [简化模式]
[QVM] 测量 q5 -> r13 = 1 [简化模式]
[QVM] print(r0) = 0 [简化模式]
[QVM] 程序退出
[QVM] 执行完成: 33 周期, 33 门操作
