[QVM] 初始化量子虚拟机
[QVM] 量子比特数=24，使用简化模拟模式（不展开完整态矢量）\n[QVM] 初始化 24 个量子比特
[QVM] H(q0)
[QVM] H(q1)
[QVM] H(q2)
[QVM] H(q3)
[QVM] CNOT(q0, q1)
[QVM] CNOT(q2, q3)
[QVM] CNOT(q0, q2)
[QVM] CNOT(q0, q4)
[QVM] CNOT(q1, q5)
[QVM] CNOT(q2, q6)
[QVM] CNOT(q3, q7)
[QVM] CNOT(q4, q5)
[QVM] CNOT(q6, q7)
[QVM] CNOT(q4, q6)
[QVM] H(q12)
[QVM] H(q13)
[QVM] H(q14)
[QVM] H(q15)
[QVM] CNOT(q12, q0)
[QVM] CNOT(q13, q1)
[QVM] CNOT(q14, q2)
[QVM] CNOT(q15, q3)
[QVM] CNOT(q4, q8)
[QVM] CNOT(q5, q9)
[QVM] CNOT(q6, q10)
[QVM] CNOT(q7, q11)
[QVM] CNOT(q8, q9)
[QVM] CNOT(q10, q11)
[QVM] H(q16)
[QVM] H(q17)
[QVM] H(q18)
[QVM] H(q19)
[QVM] CNOT(q8, q16)
[QVM] CNOT(q9, q17)
[QVM] CNOT(q10, q18)
[QVM] CNOT(q11, q19)
[QVM] CNOT(q16, q17)
[QVM] CNOT(q18, q19)
[QVM] CNOT(q16, q18)
[QVM] 测量 q8 -> r4 = 1 [简化模式]
[QVM] 测量 q9 -> r5 = 0 [简化模式]
[QVM] 测量 q10 -> r6 = 1 [简化模式]
[QVM] 测量 q11 -> r7 = 1 [简化模式]
[QVM] print(r20) = 0 [简化模式]
[QVM] print(r21) = 0 [简化模式]
[QVM] print(r22) = 0 [简化模式]
[QVM] print(r23) = 0 [简化模式]
[QVM] 程序退出
[QVM] 执行完成: 47 周期, 47 门操作
