[QVM] 初始化量子虚拟机
[QVM] 量子比特数=30，使用简化模拟模式（不展开完整态矢量）\n[QVM] 初始化 30 个量子比特
[QVM] H(q0)
[QVM] H(q1)
[QVM] H(q2)
[QVM] H(q3)
[QVM] H(q4)
[QVM] H(q5)
[QVM] CNOT(q0, q6)
[QVM] CNOT(q1, q7)
[QVM] CNOT(q2, q8)
[QVM] CNOT(q3, q9)
[QVM] CNOT(q4, q10)
[QVM] CNOT(q5, q11)
[QVM] CNOT(q6, q12)
[QVM] CNOT(q7, q13)
[QVM] CNOT(q8, q14)
[QVM] CNOT(q9, q15)
[QVM] CNOT(q10, q16)
[QVM] CNOT(q11, q17)
[QVM] H(q12)
[QVM] H(q13)
[QVM] X(q16)
[QVM] CNOT(q12, q0)
[QVM] CNOT(q13, q1)
[QVM] CNOT(q14, q2)
[QVM] CNOT(q15, q3)
[QVM] CNOT(q16, q4)
[QVM] CNOT(q17, q5)
[QVM] 测量 q12 -> r8 = 1 [简化模式]
[QVM] 测量 q13 -> r9 = 0 [简化模式]
[QVM] 测量 q14 -> r10 = 1 [简化模式]
[QVM] 测量 q15 -> r11 = 1 [简化模式]
[QVM] 测量 q16 -> r12 = 1 [简化模式]
[QVM] 测量 q17 -> r13 = 1 [简化模式]
[QVM] print(r0) = 0 [简化模式]
[QVM] 程序退出
[QVM] 执行完成: 34 周期, 34 门操作
