[QVM] 初始化量子虚拟机
[QVM] 量子比特数=32，使用简化模拟模式（不展开完整态矢量）\n[QVM] 初始化 32 个量子比特
[QVM] H(q0)
[QVM] H(q1)
[QVM] H(q2)
[QVM] H(q3)
[QVM] CNOT(q0, q1)
[QVM] CNOT(q2, q3)
[QVM] CNOT(q0, q2)
[QVM] CNOT(q0, q4)
[QVM] CNOT(q1, q5)
[QVM] CNOT(q2, q6)
[QVM] CNOT(q3, q7)
[QVM] CNOT(q4, q5)
[QVM] CNOT(q6, q7)
[QVM] CNOT(q4, q6)
[QVM] CNOT(q4, q8)
[QVM] CNOT(q5, q9)
[QVM] CNOT(q6, q10)
[QVM] CNOT(q7, q11)
[QVM] H(q12)
[QVM] H(q13)
[QVM] H(q14)
[QVM] H(q15)
[QVM] CNOT(q4, q12)
[QVM] CNOT(q5, q13)
[QVM] CNOT(q6, q14)
[QVM] CNOT(q7, q15)
[QVM] CNOT(q12, q13)
[QVM] CNOT(q14, q15)
[QVM] H(q16)
[QVM] H(q17)
[QVM] H(q18)
[QVM] H(q19)
[QVM] CNOT(q16, q12)
[QVM] CNOT(q17, q13)
[QVM] CNOT(q18, q14)
[QVM] CNOT(q19, q15)
[QVM] H(q20)
[QVM] H(q21)
[QVM] H(q22)
[QVM] H(q23)
[QVM] CNOT(q12, q20)
[QVM] CNOT(q13, q21)
[QVM] CNOT(q14, q22)
[QVM] CNOT(q15, q23)
[QVM] CNOT(q20, q21)
[QVM] CNOT(q22, q23)
[QVM] CNOT(q20, q22)
[QVM] H(q24)
[QVM] H(q25)
[QVM] H(q26)
[QVM] H(q27)
[QVM] CNOT(q20, q24)
[QVM] CNOT(q21, q25)
[QVM] CNOT(q22, q26)
[QVM] CNOT(q23, q27)
[QVM] CNOT(q24, q25)
[QVM] CNOT(q26, q27)
[QVM] 测量 q24 -> r28 = 1 [简化模式]
[QVM] 测量 q25 -> r29 = 0 [简化模式]
[QVM] 测量 q26 -> r30 = 1 [简化模式]
[QVM] 测量 q27 -> r31 = 1 [简化模式]
[QVM] print(r28) = 1 [简化模式]
[QVM] print(r29) = 0 [简化模式]
[QVM] print(r30) = 1 [简化模式]
[QVM] print(r31) = 1 [简化模式]
[QVM] 程序退出
[QVM] 执行完成: 65 周期, 65 门操作
