[QVM] 初始化量子虚拟机
[QVM] 量子比特数=28，使用简化模拟模式（不展开完整态矢量）\n[QVM] 初始化 28 个量子比特
[QVM] H(q0)
[QVM] H(q1)
[QVM] H(q2)
[QVM] H(q3)
[QVM] CNOT(q0, q1)
[QVM] CNOT(q2, q3)
[QVM] CNOT(q0, q2)
[QVM] H(q4)
[QVM] H(q5)
[QVM] H(q6)
[QVM] H(q7)
[QVM] CNOT(q0, q4)
[QVM] CNOT(q1, q5)
[QVM] CNOT(q2, q6)
[QVM] CNOT(q3, q7)
[QVM] CNOT(q4, q5)
[QVM] CNOT(q6, q7)
[QVM] CNOT(q4, q8)
[QVM] CNOT(q5, q9)
[QVM] CNOT(q6, q10)
[QVM] CNOT(q7, q11)
[QVM] CNOT(q8, q9)
[QVM] CNOT(q10, q11)
[QVM] CNOT(q8, q10)
[QVM] H(q12)
[QVM] H(q13)
[QVM] H(q14)
[QVM] H(q15)
[QVM] CNOT(q8, q12)
[QVM] CNOT(q9, q13)
[QVM] CNOT(q10, q14)
[QVM] CNOT(q11, q15)
[QVM] CNOT(q12, q13)
[QVM] CNOT(q14, q15)
[QVM] CNOT(q12, q16)
[QVM] CNOT(q13, q17)
[QVM] CNOT(q14, q18)
[QVM] CNOT(q15, q19)
[QVM] CNOT(q16, q17)
[QVM] CNOT(q18, q19)
[QVM] CNOT(q16, q20)
[QVM] CNOT(q17, q21)
[QVM] CNOT(q18, q22)
[QVM] CNOT(q19, q23)
[QVM] CNOT(q20, q21)
[QVM] CNOT(q22, q23)
[QVM] CNOT(q20, q22)
[QVM] 测量 q20 -> r8 = 1 [简化模式]
[QVM] 测量 q21 -> r9 = 0 [简化模式]
[QVM] 测量 q22 -> r10 = 1 [简化模式]
[QVM] 测量 q23 -> r11 = 1 [简化模式]
[QVM] print(r24) = 0 [简化模式]
[QVM] print(r25) = 0 [简化模式]
[QVM] print(r26) = 0 [简化模式]
[QVM] print(r27) = 0 [简化模式]
[QVM] 程序退出
[QVM] 执行完成: 55 周期, 55 门操作
