FILE                                                    STATUS   FIRST    DEFs       ENDs        
QSM/QEntL/Models/QSM/qsm_consciousness_circuit.qentl    OK       14       0
0        0
0         
QSM/QEntL/Models/QSM/qsm_consciousness.qentl            OK       14       0
0        0
0         
QSM/QEntL/Models/QSM/qsm_core.qentl                     OK       14       0
0        0
0         
QSM/QEntL/Models/QSM/qsm_entanglement_circuit.qentl     OK       14       0
0        0
0         
QSM/QEntL/Models/QSM/qsm_entanglement.qentl             OK       14       0
0        0
0         
QSM/QEntL/Models/QSM/qsm_entry.qentl                    OK       14       0
0        0
0         
QSM/QEntL/Models/QSM/qsm_yi_training_circuit.qentl      OK       14       0
0        0
0         
QSM/QEntL/Models/QSM/yi_training_pipeline_circuit.qentl OK       14       0
0        0
0         
QSM/QEntL/Models/QSM/yi_training_pipeline.qentl         OK       14       0
0        0
0         
QSM/QEntL/Models/QSM/yi_training.qentl                  OK       14       0
0        0
0         
Ref/QEntL/Models/Ref/ref_core.qentl                     OK       14       0
0        0
0         
Ref/QEntL/Models/Ref/ref_entry.qentl                    OK       14       0
0        0
0         
Ref/QEntL/Models/Ref/ref_healing_circuit.qentl          OK       14       0
0        0
0         
Ref/QEntL/Models/Ref/ref_monitoring_circuit.qentl       OK       14       0
0        0
0         
Ref/QEntL/Models/Ref/ref_monitoring.qentl               OK       14       0
0        0
0         
Ref/QEntL/Models/Ref/ref_optimization_circuit.qentl     OK       14       0
0        0
0         
Ref/QEntL/Models/Ref/ref_optimization.qentl             OK       14       0
0        0
0         
SOM/QEntL/Models/SOM/som_core_part2.qentl               OK       14       0
0        0
0         
SOM/QEntL/Models/SOM/som_core.qentl                     OK       14       0
0        0
0         
SOM/QEntL/Models/SOM/som_entry.qentl                    OK       14       0
0        0
0         
SOM/QEntL/Models/SOM/som_equality.qentl                 OK       14       0
0        0
0         
SOM/QEntL/Models/SOM/som_transaction_circuit.qentl      OK       14       0
0        0
0         
SOM/QEntL/Models/SOM/som_transaction.qentl              OK       14       0
0        0
0         
WeQ/QEntL/Models/WeQ/weq_core.qentl                     OK       14       0
0        0
0         
WeQ/QEntL/Models/WeQ/weq_entry.qentl                    OK       14       0
0        0
0         
WeQ/QEntL/Models/WeQ/weq_learning_circuit.qentl         OK       14       0
0        0
0         
WeQ/QEntL/Models/WeQ/weq_learning.qentl                 OK       14       0
0        0
0         
WeQ/QEntL/Models/WeQ/weq_social_interaction_circuit.qentl OK       14       0
0        0
0         
WeQ/QEntL/Models/WeQ/weq_social.qentl                   OK       14       0
0        0
0         
